<?xml version="1.0" encoding="UTF-8"?>
<testsuites name="Calculators" time="8" tests="1" failures="0" errors="0">
   <testsuite name="Calculators" tests="1" failures="0" errors="0" time="8" timestamp="2019-04-18 11:05:33" hostname="sthokala - 10.12.51.212" id="Test Suites/Calculators">
      <properties>
         <property name="deviceName" value=""/>
         <property name="devicePlatform" value=""/>
         <property name="logFolder" value="/Users/sthokala/Katalon Studio/Calculator/Reports/Calculators/20190418_110532"/>
         <property name="logFiles" value="/Users/sthokala/Katalon Studio/Calculator/Reports/Calculators/20190418_110532/execution0.log"/>
         <property name="attachments" value="/Users/sthokala/Documents/DRCalculator.png"/>
         <property name="hostName" value="sthokala - 10.12.51.212"/>
         <property name="os" value="Mac OS X 64bit"/>
         <property name="katalonVersion" value="6.1.1.1"/>
         <property name="browser" value="Firefox 66.0"/>
         <property name="hostAddress" value="10.12.51.212"/>
         <property name="sessionId" value="401f8866-4a83-1f4e-a44d-904d810c13ff"/>
         <property name="seleniumVersion" value="3.7.1"/>
         <property name="proxyInformation" value="ProxyInformation{proxyOption=NO_PROXY, proxyServerType=HTTP, password=, proxyServerAddress=, proxyServerPort=0}"/>
         <property name="platform" value="Mac OS X"/>
      </properties>
      <testcase name="Test Cases/DividendReinvestmentCalc" classname="Test Cases/DividendReinvestmentCalc" status="PASSED">
         <system-out><![CDATA[2019-04-18 11:05:33 - [TEST_CASE][PASSED] - Test Cases/DividendReinvestmentCalc: Test Cases/DividendReinvestmentCalc

2019-04-18 11:05:33 - [TEST_STEP][PASSED] - openBrowser("https://calc.crafton.ocweb.team/dividend-reinvestment/"): Browser is opened with url: 'https://calc.crafton.ocweb.team/dividend-reinvestment/'

2019-04-18 11:05:33 - [MESSAGE][INFO] - Starting 'Firefox' driver

2019-04-18 11:05:33 - [MESSAGE][INFO] - Action delay is set to 0 seconds

2019-04-18 11:05:38 - [MESSAGE][PASSED] - Browser is opened with url: 'https://calc.crafton.ocweb.team/dividend-reinvestment/'

2019-04-18 11:05:38 - [TEST_STEP][PASSED] - driver = getWebDriver(): null

2019-04-18 11:05:38 - [TEST_STEP][PASSED] - baseUrl = "https://calc.crafton.ocweb.team/dividend-reinvestment/": null

2019-04-18 11:05:38 - [TEST_STEP][PASSED] - selenium = new com.thoughtworks.selenium.webdriven.WebDriverBackedSelenium(driver, baseUrl): null

2019-04-18 11:05:38 - [TEST_STEP][PASSED] - selenium.open("https://calc.crafton.ocweb.team/dividend-reinvestment/"): null

2019-04-18 11:05:38 - [TEST_STEP][PASSED] - selenium.click("id=initialNumberOfShares"): null

2019-04-18 11:05:38 - [TEST_STEP][PASSED] - selenium.type("id=initialNumberOfShares", "200"): null

2019-04-18 11:05:38 - [TEST_STEP][PASSED] - selenium.click("id=initialPriceOfShares"): null

2019-04-18 11:05:39 - [TEST_STEP][PASSED] - selenium.type("id=initialPriceOfShares", "234"): null

2019-04-18 11:05:39 - [TEST_STEP][PASSED] - selenium.click("id=annualDividend"): null

2019-04-18 11:05:39 - [TEST_STEP][PASSED] - selenium.type("id=annualDividend", "23432"): null

2019-04-18 11:05:39 - [TEST_STEP][PASSED] - selenium.click("id=dividendAnnualGrowthRate"): null

2019-04-18 11:05:39 - [TEST_STEP][PASSED] - selenium.type("id=dividendAnnualGrowthRate", "43"): null

2019-04-18 11:05:39 - [TEST_STEP][PASSED] - selenium.click("id=stockPriceAnnualGrowthRate"): null

2019-04-18 11:05:39 - [TEST_STEP][PASSED] - selenium.type("id=stockPriceAnnualGrowthRate", "23"): null

2019-04-18 11:05:39 - [TEST_STEP][PASSED] - selenium.click("id=numberOfYears"): null

2019-04-18 11:05:40 - [TEST_STEP][PASSED] - selenium.type("id=numberOfYears", "3"): null

2019-04-18 11:05:40 - [TEST_STEP][PASSED] - selenium.click("id=numOfReinvestmentPerYear"): null

2019-04-18 11:05:40 - [TEST_STEP][PASSED] - selenium.select("id=numOfReinvestmentPerYear", "label=3"): null

2019-04-18 11:05:40 - [TEST_STEP][PASSED] - selenium.click("id=dividend-reinvestment-calculate"): null

2019-04-18 11:05:41 - [TEST_STEP][PASSED] - selenium.click("name=s"): null

2019-04-18 11:05:41 - [TEST_STEP][PASSED] - takeScreenshot("/Users/sthokala/Documents/DRCalculator.png"): Taking screenshot successfully

2019-04-18 11:05:41 - [MESSAGE][PASSED] - Taking screenshot successfully
[[ATTACHMENT|/Users/sthokala/Documents/DRCalculator.png]]

2019-04-18 11:05:41 - [TEST_STEP][PASSED] - selenium.close(): null]]></system-out>
         <system-err><![CDATA[]]></system-err>
      </testcase>
      <system-out><![CDATA[2019-04-18 11:05:33 - [TEST_SUITE][INCOMPLETE] - Calculators: null]]></system-out>
      <system-err><![CDATA[2019-04-18 11:05:33 - [TEST_SUITE][INCOMPLETE] - Calculators: null]]></system-err>
   </testsuite>
</testsuites>
