<?xml version="1.0" encoding="UTF-8"?>
<testsuites name="OnlyProdWealthyRetirement" time="18" tests="1" failures="0" errors="0">
   <testsuite name="OnlyProdWealthyRetirement" tests="1" failures="0" errors="0" time="18" timestamp="2019-04-25 15:04:19" hostname="sthokala - 10.12.51.212" id="Test Suites/OnlyProdWealthyRetirement">
      <properties>
         <property name="deviceName" value=""/>
         <property name="devicePlatform" value=""/>
         <property name="logFolder" value="/Users/sthokala/Katalon Studio/Calculator/Reports/OnlyProdWealthyRetirement/20190425_150418"/>
         <property name="logFiles" value="/Users/sthokala/Katalon Studio/Calculator/Reports/OnlyProdWealthyRetirement/20190425_150418/execution0.log"/>
         <property name="attachments" value="/Users/sthokala/Documents/ProdDRCalculator.png"/>
         <property name="hostName" value="sthokala - 10.12.51.212"/>
         <property name="os" value="Mac OS X 64bit"/>
         <property name="katalonVersion" value="6.1.1.1"/>
         <property name="browser" value="Firefox 66.0"/>
         <property name="hostAddress" value="10.12.51.212"/>
         <property name="sessionId" value="bf040f68-d265-764a-9280-60d00e19fb8c"/>
         <property name="seleniumVersion" value="3.7.1"/>
         <property name="proxyInformation" value="ProxyInformation{proxyOption=NO_PROXY, proxyServerType=HTTP, password=, proxyServerAddress=, proxyServerPort=0}"/>
         <property name="platform" value="Mac OS X"/>
      </properties>
      <testcase name="Test Cases/Prod_DividendReinvestment" classname="Test Cases/Prod_DividendReinvestment" status="PASSED">
         <system-out><![CDATA[2019-04-25 15:04:19 - [TEST_CASE][PASSED] - Test Cases/Prod_DividendReinvestment: Test Cases/Prod_DividendReinvestment

2019-04-25 15:04:19 - [TEST_STEP][PASSED] - openBrowser("https://wealthyretirement.com/dividend-reinvestment-calculator/"): Browser is opened with url: 'https://wealthyretirement.com/dividend-reinvestment-calculator/'

2019-04-25 15:04:19 - [MESSAGE][INFO] - Starting 'Firefox' driver

2019-04-25 15:04:20 - [MESSAGE][INFO] - Action delay is set to 0 seconds

2019-04-25 15:04:33 - [MESSAGE][PASSED] - Browser is opened with url: 'https://wealthyretirement.com/dividend-reinvestment-calculator/'

2019-04-25 15:04:33 - [TEST_STEP][PASSED] - driver = getWebDriver(): null

2019-04-25 15:04:33 - [TEST_STEP][PASSED] - baseUrl = "https://wealthyretirement.com/dividend-reinvestment-calculator/": null

2019-04-25 15:04:33 - [TEST_STEP][PASSED] - selenium = new com.thoughtworks.selenium.webdriven.WebDriverBackedSelenium(driver, baseUrl): null

2019-04-25 15:04:33 - [TEST_STEP][PASSED] - selenium.open("https://wealthyretirement.com/dividend-reinvestment-calculator/"): null

2019-04-25 15:04:34 - [TEST_STEP][PASSED] - selenium.click("id=initialNumberOfShares"): null

2019-04-25 15:04:35 - [TEST_STEP][PASSED] - selenium.type("id=initialNumberOfShares", "300"): null

2019-04-25 15:04:35 - [TEST_STEP][PASSED] - selenium.click("id=initialPriceOfShares"): null

2019-04-25 15:04:35 - [TEST_STEP][PASSED] - selenium.type("id=initialPriceOfShares", "200"): null

2019-04-25 15:04:35 - [TEST_STEP][PASSED] - selenium.click("id=annualDividend"): null

2019-04-25 15:04:35 - [TEST_STEP][PASSED] - selenium.type("id=annualDividend", "30,000"): null

2019-04-25 15:04:35 - [TEST_STEP][PASSED] - selenium.click("id=dividendAnnualGrowthRate"): null

2019-04-25 15:04:36 - [TEST_STEP][PASSED] - selenium.type("id=dividendAnnualGrowthRate", "4"): null

2019-04-25 15:04:36 - [TEST_STEP][PASSED] - selenium.click("id=stockPriceAnnualGrowthRate"): null

2019-04-25 15:04:36 - [TEST_STEP][PASSED] - selenium.type("id=stockPriceAnnualGrowthRate", "5"): null

2019-04-25 15:04:36 - [TEST_STEP][PASSED] - selenium.click("id=numberOfYears"): null

2019-04-25 15:04:36 - [TEST_STEP][PASSED] - selenium.type("id=numberOfYears", "2"): null

2019-04-25 15:04:36 - [TEST_STEP][PASSED] - selenium.click("id=numOfReinvestmentPerYear"): null

2019-04-25 15:04:37 - [TEST_STEP][PASSED] - selenium.select("id=numOfReinvestmentPerYear", "label=3"): null

2019-04-25 15:04:37 - [TEST_STEP][PASSED] - selenium.click("id=dividend-reinvestment-calculate"): null

2019-04-25 15:04:37 - [TEST_STEP][PASSED] - takeScreenshot("/Users/sthokala/Documents/ProdDRCalculator.png"): Taking screenshot successfully

2019-04-25 15:04:37 - [MESSAGE][PASSED] - Taking screenshot successfully
[[ATTACHMENT|/Users/sthokala/Documents/ProdDRCalculator.png]]

2019-04-25 15:04:37 - [TEST_STEP][PASSED] - selenium.close(): null]]></system-out>
         <system-err><![CDATA[]]></system-err>
      </testcase>
      <system-out><![CDATA[2019-04-25 15:04:19 - [TEST_SUITE][INCOMPLETE] - OnlyProdWealthyRetirement: null]]></system-out>
      <system-err><![CDATA[2019-04-25 15:04:19 - [TEST_SUITE][INCOMPLETE] - OnlyProdWealthyRetirement: null]]></system-err>
   </testsuite>
</testsuites>
